StartLog Establishing /home/fit508/software/rubis/jetty-distribution-9.2.11.v20150529/logs/start.log on Sun Jul 12 13:40:30 CST 2015
StartLog Establishing /home/fit508/software/rubis/jetty-distribution-9.2.11.v20150529/logs/start.log on Sun Jul 12 13:59:51 CST 2015
StartLog Establishing /home/fit508/software/rubis/jetty-distribution-9.2.11.v20150529/logs/start.log on Sun Jul 12 14:02:40 CST 2015
StartLog Establishing /home/fit508/software/rubis/jetty-distribution-9.2.11.v20150529/logs/start.log on Sun Jul 12 14:16:26 CST 2015
WARNING: Property jetty.port in <command-line> already set in /home/fit508/software/rubis/jetty-distribution-9.2.11.v20150529/start.ini
StartLog Establishing /home/fit508/software/rubis/jetty-distribution-9.2.11.v20150529/logs/start.log on Sun Jul 12 14:24:39 CST 2015
WARNING: Property jetty.port in <command-line> already set in /home/fit508/software/rubis/jetty-distribution-9.2.11.v20150529/start.ini
StartLog Establishing /home/fit508/software/rubis/jetty-distribution-9.2.11.v20150529/logs/start.log on Sun Jul 12 14:27:50 CST 2015
WARNING: Property jetty.port in <command-line> already set in /home/fit508/software/rubis/jetty-distribution-9.2.11.v20150529/start.ini
StartLog Establishing /home/fit508/software/rubis/jetty-distribution-9.2.11.v20150529/logs/start.log on Sun Jul 12 14:35:17 CST 2015
WARNING: Property jetty.port in <command-line> already set in /home/fit508/software/rubis/jetty-distribution-9.2.11.v20150529/start.ini
StartLog Establishing /home/fit508/software/rubis/jetty-distribution-9.2.11.v20150529/logs/start.log on Sun Jul 12 15:11:33 CST 2015
WARNING: Property jetty.port in <command-line> already set in /home/fit508/software/rubis/jetty-distribution-9.2.11.v20150529/start.ini
StartLog Establishing /home/fit508/software/rubis/jetty-distribution-9.2.11.v20150529/logs/start.log on Sun Jul 12 16:20:42 CST 2015
WARNING: Property jetty.port in <command-line> already set in /home/fit508/software/rubis/jetty-distribution-9.2.11.v20150529/start.ini
StartLog Establishing /home/fit508/software/rubis/jetty-distribution-9.2.11.v20150529/logs/start.log on Sun Jul 12 16:22:24 CST 2015
WARNING: Property jetty.port in <command-line> already set in /home/fit508/software/rubis/jetty-distribution-9.2.11.v20150529/start.ini
StartLog Establishing /home/fit508/software/rubis/jetty-distribution-9.2.11.v20150529/logs/start.log on Sun Jul 12 16:23:02 CST 2015
WARNING: Property jetty.port in <command-line> already set in /home/fit508/software/rubis/jetty-distribution-9.2.11.v20150529/start.ini
StartLog Establishing /home/fit508/software/rubis/jetty-distribution-9.2.11.v20150529/logs/start.log on Thu Jul 16 14:51:50 CST 2015
StartLog Establishing /home/fit508/software/rubis/jetty-distribution-9.2.11.v20150529/logs/start.log on Sun Aug 30 12:21:42 CST 2015
StartLog Establishing /home/fit508/software/rubis/jetty-distribution-9.2.11.v20150529/logs/start.log on Mon Oct 05 15:31:57 CST 2015
StartLog Establishing /home/fit508/software/rubis/jetty-distribution-9.2.11.v20150529/logs/start.log on Mon Oct 12 11:16:45 CST 2015
StartLog Establishing /home/fit508/software/rubis/jetty-distribution-9.2.11.v20150529/logs/start.log on Wed Nov 25 19:09:43 CST 2015
StartLog Establishing /home/fit508/software/rubis/jetty-distribution-9.2.11.v20150529/logs/start.log on Wed Nov 25 19:42:00 CST 2015
StartLog Establishing /home/fit508/software/rubis/jetty-distribution-9.2.11.v20150529/logs/start.log on Wed Nov 25 19:45:34 CST 2015
StartLog Establishing /home/fit508/software/rubis/jetty-distribution-9.2.11.v20150529/logs/start.log on Sun Dec 06 11:58:11 CST 2015
